2020-06-05T13:39:18+00:00 CRITICAL Maximum execution time of 30 seconds exceeded in C:\xampp\htdocs\Sajtic-Landing-Page\wp-content\plugins\woocommerce\packages\action-scheduler\classes\ActionScheduler_AsyncRequest_QueueRunner.php on line 11

2020-06-05T14:51:14+00:00 CRITICAL Maximum execution time of 30 seconds exceeded in C:\xampp\htdocs\Sajtic-Landing-Page\wp-includes\Requests\IDNAEncoder.php on line 13

2020-06-05T14:55:36+00:00 CRITICAL Maximum execution time of 30 seconds exceeded in C:\xampp\htdocs\Sajtic-Landing-Page\wp-content\plugins\custom-post-type-ui\inc\listings.php on line 15

2020-06-05T14:59:39+00:00 CRITICAL Maximum execution time of 30 seconds exceeded in C:\xampp\htdocs\Sajtic-Landing-Page\wp-content\plugins\custom-post-type-ui\inc\post-types.php on line 15

2020-06-05T15:02:12+00:00 CRITICAL Maximum execution time of 30 seconds exceeded in C:\xampp\htdocs\Sajtic-Landing-Page\wp-content\plugins\advanced-custom-fields\includes\fields\class-acf-field-true_false.php on line 3

2020-06-05T15:15:36+00:00 CRITICAL Maximum execution time of 30 seconds exceeded у C:\xampp\htdocs\Sajtic-Landing-Page\wp-content\plugins\woocommerce\packages\action-scheduler\deprecated\ActionScheduler_Abstract_QueueRunner_Deprecated.php у реду 6

2020-06-05T15:15:43+00:00 CRITICAL Maximum execution time of 30 seconds exceeded у C:\xampp\htdocs\Sajtic-Landing-Page\wp-includes\Requests\IRI.php у реду 66

2020-06-05T15:33:24+00:00 CRITICAL Maximum execution time of 30 seconds exceeded у C:\xampp\htdocs\Sajtic-Landing-Page\wp-includes\widgets\class-wp-widget-media-image.php у реду 18

2020-06-05T15:33:24+00:00 CRITICAL Maximum execution time of 30 seconds exceeded у C:\xampp\htdocs\Sajtic-Landing-Page\wp-includes\widgets\class-wp-widget-media-image.php у реду 18

2020-06-05T15:33:24+00:00 CRITICAL Maximum execution time of 30 seconds exceeded у C:\xampp\htdocs\Sajtic-Landing-Page\wp-includes\widgets\class-wp-widget-meta.php у реду 19

2020-06-05T15:33:25+00:00 CRITICAL Maximum execution time of 30 seconds exceeded у C:\xampp\htdocs\Sajtic-Landing-Page\wp-includes\widgets\class-wp-widget-meta.php у реду 19

2020-06-05T15:33:26+00:00 CRITICAL Maximum execution time of 30 seconds exceeded у C:\xampp\htdocs\Sajtic-Landing-Page\wp-content\plugins\woocommerce\packages\action-scheduler\classes\abstracts\ActionScheduler.php у реду 10

2020-06-05T15:39:16+00:00 CRITICAL Uncaught Error: Call to undefined function twentynineteen_can_show_post_thumbnail() in C:\xampp\htdocs\Sajtic-Landing-Page\wp-content\themes\rootmultipurpose\template-parts\content\content-page.php:15
Stack trace:
#0 C:\xampp\htdocs\Sajtic-Landing-Page\wp-includes\template.php(725): require()
#1 C:\xampp\htdocs\Sajtic-Landing-Page\wp-includes\template.php(672): load_template('C:\\xampp\\htdocs...', false)
#2 C:\xampp\htdocs\Sajtic-Landing-Page\wp-includes\general-template.php(168): locate_template(Array, true, false)
#3 C:\xampp\htdocs\Sajtic-Landing-Page\wp-content\themes\rootmultipurpose\page.php(24): get_template_part('template-parts/...', 'page')
#4 C:\xampp\htdocs\Sajtic-Landing-Page\wp-includes\template-loader.php(106): include('C:\\xampp\\htdocs...')
#5 C:\xampp\htdocs\Sajtic-Landing-Page\wp-blog-header.php(19): require_once('C:\\xampp\\htdocs...')
#6 C:\xampp\htdocs\Sajtic-Landing-Page\index.php(17): require('C:\\xampp\\htdocs...')
#7 {main}
  thrown у C:\xampp\htdocs\Sajtic-Landing-Page\wp-content\themes\rootmultipurpose\template-parts\content\content-page.php у реду 15

2020-06-05T15:45:02+00:00 CRITICAL Maximum execution time of 30 seconds exceeded у C:\xampp\htdocs\Sajtic-Landing-Page\wp-content\plugins\custom-post-type-ui\inc\listings.php у реду 15

2020-06-05T15:57:34+00:00 CRITICAL Maximum execution time of 30 seconds exceeded у C:\xampp\htdocs\Sajtic-Landing-Page\wp-includes\widgets\class-wp-widget-media.php у реду 17

